{"contracts\\MockAdapter.sol":{"l":{"23":1,"24":1,"26":1},"path":"D:\\zWenbo\\AI\\VaultCraft\\hardhat\\contracts\\MockAdapter.sol","s":{"1":0,"2":1,"3":0},"b":{},"f":{"1":0,"2":1,"3":0},"fnMap":{"1":{"name":"canHandle","line":16,"loc":{"start":{"line":16,"column":4},"end":{"line":16,"column":76}}},"2":{"name":"execute","line":18,"loc":{"start":{"line":18,"column":4},"end":{"line":27,"column":4}}},"3":{"name":"valuation","line":29,"loc":{"start":{"line":29,"column":4},"end":{"line":29,"column":95}}}},"statementMap":{"1":{"start":{"line":16,"column":63},"end":{"line":16,"column":74}},"2":{"start":{"line":26,"column":8},"end":{"line":26,"column":37}},"3":{"start":{"line":29,"column":85},"end":{"line":29,"column":93}}},"branchMap":{}},"contracts\\MockERC20.sol":{"l":{},"path":"D:\\zWenbo\\AI\\VaultCraft\\hardhat\\contracts\\MockERC20.sol","s":{"1":6,"2":0,"3":0,"4":0,"5":2,"6":2,"7":2,"8":2,"9":5,"10":5,"11":5,"12":5,"13":5,"14":5,"15":5,"16":5,"17":5},"b":{"1":[0,0],"2":[2,0],"3":[5,0],"4":[5,0],"5":[5,0]},"f":{"1":6,"2":6,"3":0,"4":2,"5":5,"6":5},"fnMap":{"1":{"name":"constructor","line":12,"loc":{"start":{"line":12,"column":4},"end":{"line":12,"column":74}}},"2":{"name":"mint","line":15,"loc":{"start":{"line":15,"column":4},"end":{"line":15,"column":143}}},"3":{"name":"burn","line":16,"loc":{"start":{"line":16,"column":4},"end":{"line":16,"column":211}}},"4":{"name":"transfer","line":17,"loc":{"start":{"line":17,"column":4},"end":{"line":17,"column":253}}},"5":{"name":"approve","line":18,"loc":{"start":{"line":18,"column":4},"end":{"line":18,"column":178}}},"6":{"name":"transferFrom","line":19,"loc":{"start":{"line":19,"column":4},"end":{"line":19,"column":395}}}},"statementMap":{"1":{"start":{"line":15,"column":105},"end":{"line":15,"column":142}},"2":{"start":{"line":16,"column":59},"end":{"line":16,"column":86}},"3":{"start":{"line":16,"column":88},"end":{"line":16,"column":115}},"4":{"start":{"line":16,"column":171},"end":{"line":16,"column":210}},"5":{"start":{"line":17,"column":76},"end":{"line":17,"column":109}},"6":{"start":{"line":17,"column":111},"end":{"line":17,"column":137}},"7":{"start":{"line":17,"column":201},"end":{"line":17,"column":238}},"8":{"start":{"line":17,"column":240},"end":{"line":17,"column":251}},"9":{"start":{"line":18,"column":121},"end":{"line":18,"column":163}},"10":{"start":{"line":18,"column":165},"end":{"line":18,"column":176}},"11":{"start":{"line":19,"column":94},"end":{"line":19,"column":133}},"12":{"start":{"line":19,"column":135},"end":{"line":19,"column":163}},"13":{"start":{"line":19,"column":166},"end":{"line":19,"column":234}},"14":{"start":{"line":19,"column":236},"end":{"line":19,"column":263}},"15":{"start":{"line":19,"column":265},"end":{"line":19,"column":291}},"16":{"start":{"line":19,"column":349},"end":{"line":19,"column":380}},"17":{"start":{"line":19,"column":382},"end":{"line":19,"column":393}}},"branchMap":{"1":{"line":16,"type":"if","locations":[{"start":{"line":16,"column":88},"end":{"line":16,"column":88}},{"start":{"line":16,"column":88},"end":{"line":16,"column":88}}]},"2":{"line":17,"type":"if","locations":[{"start":{"line":17,"column":111},"end":{"line":17,"column":111}},{"start":{"line":17,"column":111},"end":{"line":17,"column":111}}]},"3":{"line":19,"type":"if","locations":[{"start":{"line":19,"column":135},"end":{"line":19,"column":135}},{"start":{"line":19,"column":135},"end":{"line":19,"column":135}}]},"4":{"line":19,"type":"if","locations":[{"start":{"line":19,"column":166},"end":{"line":19,"column":166}},{"start":{"line":19,"column":166},"end":{"line":19,"column":166}}]},"5":{"line":19,"type":"if","locations":[{"start":{"line":19,"column":265},"end":{"line":19,"column":265}},{"start":{"line":19,"column":265},"end":{"line":19,"column":265}}]}}},"contracts\\Vault.sol":{"l":{"35":1,"36":1,"37":1,"38":1,"39":1,"70":6,"83":5},"path":"D:\\zWenbo\\AI\\VaultCraft\\hardhat\\contracts\\Vault.sol","s":{"1":1,"2":1,"3":1,"4":1,"5":0,"6":0,"7":1,"8":1,"9":1,"10":1,"11":1,"12":1,"13":1,"14":6,"15":6,"16":2,"17":2,"18":2,"19":3,"20":3,"21":3,"22":13,"23":2,"24":1,"25":0,"26":0,"27":2,"28":1,"29":0,"30":0,"31":6,"32":6,"33":18,"34":12,"35":1,"36":11,"37":11,"38":7,"39":7,"40":3,"41":5,"42":5,"43":5,"44":5,"45":5,"46":5,"47":5,"48":2,"49":2,"50":0,"51":0,"52":0,"53":2,"54":2,"55":2,"56":2,"57":2,"58":2,"59":0,"60":1,"61":8,"62":8,"63":1,"64":1,"65":1,"66":1,"67":1,"68":1,"69":2,"70":1},"b":{"1":[1,0],"2":[1,0],"3":[1,0],"4":[1,0],"5":[6,0],"6":[2,0],"7":[3,0],"8":[2,1],"9":[3,0],"10":[3,0],"11":[11,2],"12":[2,0],"13":[1,0],"14":[0,0],"15":[0,0],"16":[0,0],"17":[0,0],"18":[2,0],"19":[1,0],"20":[0,0],"21":[0,0],"22":[0,0],"23":[6,0],"24":[1,11],"25":[7,1],"26":[7,0],"27":[3,4],"28":[1,2],"29":[5,0],"30":[5,0],"31":[5,0],"32":[2,1],"33":[2,0],"34":[0,2],"35":[0,0],"36":[0,0],"37":[2,0],"38":[2,0],"39":[1,7],"40":[1,0],"41":[2,1],"42":[2,0],"43":[1,1]},"f":{"1":1,"2":0,"3":1,"4":1,"5":6,"6":2,"7":3,"8":3,"9":3,"10":13,"11":2,"12":1,"13":0,"14":0,"15":2,"16":1,"17":0,"18":0,"19":6,"20":18,"21":12,"22":7,"23":2,"24":0,"25":1,"26":8,"27":2},"fnMap":{"1":{"name":"_transfer","line":34,"loc":{"start":{"line":34,"column":4},"end":{"line":40,"column":4}}},"2":{"name":"transfer","line":41,"loc":{"start":{"line":41,"column":4},"end":{"line":41,"column":122}}},"3":{"name":"approve","line":42,"loc":{"start":{"line":42,"column":4},"end":{"line":42,"column":175}}},"4":{"name":"transferFrom","line":43,"loc":{"start":{"line":43,"column":4},"end":{"line":46,"column":4}}},"5":{"name":"_mint","line":47,"loc":{"start":{"line":47,"column":4},"end":{"line":47,"column":176}}},"6":{"name":"_burn","line":48,"loc":{"start":{"line":48,"column":4},"end":{"line":48,"column":222}}},"7":{"name":"onlyAdmin","line":51,"loc":{"start":{"line":51,"column":4},"end":{"line":51,"column":69}}},"8":{"name":"onlyManager","line":52,"loc":{"start":{"line":52,"column":4},"end":{"line":52,"column":75}}},"9":{"name":"onlyGuardianOrAdmin","line":53,"loc":{"start":{"line":53,"column":4},"end":{"line":53,"column":108}}},"10":{"name":"whenNotPaused","line":54,"loc":{"start":{"line":54,"column":4},"end":{"line":54,"column":62}}},"11":{"name":"pause","line":56,"loc":{"start":{"line":56,"column":4},"end":{"line":56,"column":82}}},"12":{"name":"unpause","line":57,"loc":{"start":{"line":57,"column":4},"end":{"line":57,"column":87}}},"13":{"name":"setManager","line":58,"loc":{"start":{"line":58,"column":4},"end":{"line":58,"column":97}}},"14":{"name":"setGuardian","line":59,"loc":{"start":{"line":59,"column":4},"end":{"line":59,"column":99}}},"15":{"name":"setWhitelist","line":62,"loc":{"start":{"line":62,"column":103},"end":{"line":62,"column":223}}},"16":{"name":"setAdapter","line":63,"loc":{"start":{"line":63,"column":109},"end":{"line":63,"column":230}}},"17":{"name":"setLockMinDays","line":64,"loc":{"start":{"line":64,"column":94},"end":{"line":64,"column":218}}},"18":{"name":"setPerformanceFee","line":65,"loc":{"start":{"line":65,"column":82},"end":{"line":65,"column":205}}},"19":{"name":"constructor","line":69,"loc":{"start":{"line":69,"column":4},"end":{"line":72,"column":4}}},"20":{"name":"totalAssets","line":75,"loc":{"start":{"line":75,"column":4},"end":{"line":75,"column":98}}},"21":{"name":"ps","line":76,"loc":{"start":{"line":76,"column":4},"end":{"line":76,"column":137}}},"22":{"name":"deposit","line":78,"loc":{"start":{"line":78,"column":4},"end":{"line":84,"column":4}}},"23":{"name":"redeem","line":85,"loc":{"start":{"line":85,"column":4},"end":{"line":88,"column":4}}},"24":{"name":"snapshot","line":89,"loc":{"start":{"line":89,"column":4},"end":{"line":89,"column":107}}},"25":{"name":"checkpoint","line":90,"loc":{"start":{"line":90,"column":4},"end":{"line":90,"column":58}}},"26":{"name":"_maybeMintPerfFee","line":91,"loc":{"start":{"line":91,"column":4},"end":{"line":91,"column":368}}},"27":{"name":"execute","line":92,"loc":{"start":{"line":92,"column":4},"end":{"line":92,"column":296}}}},"statementMap":{"1":{"start":{"line":35,"column":8},"end":{"line":35,"column":40}},"2":{"start":{"line":36,"column":8},"end":{"line":36,"column":35}},"3":{"start":{"line":37,"column":8},"end":{"line":37,"column":42}},"4":{"start":{"line":39,"column":8},"end":{"line":39,"column":38}},"5":{"start":{"line":41,"column":75},"end":{"line":41,"column":106}},"6":{"start":{"line":41,"column":109},"end":{"line":41,"column":120}},"7":{"start":{"line":42,"column":119},"end":{"line":42,"column":160}},"8":{"start":{"line":42,"column":162},"end":{"line":42,"column":173}},"9":{"start":{"line":44,"column":8},"end":{"line":44,"column":47}},"10":{"start":{"line":44,"column":49},"end":{"line":44,"column":80}},"11":{"start":{"line":44,"column":83},"end":{"line":44,"column":154}},"12":{"start":{"line":45,"column":8},"end":{"line":45,"column":33}},"13":{"start":{"line":45,"column":36},"end":{"line":45,"column":47}},"14":{"start":{"line":47,"column":57},"end":{"line":47,"column":89}},"15":{"start":{"line":47,"column":138},"end":{"line":47,"column":174}},"16":{"start":{"line":48,"column":59},"end":{"line":48,"column":86}},"17":{"start":{"line":48,"column":88},"end":{"line":48,"column":114}},"18":{"start":{"line":48,"column":182},"end":{"line":48,"column":220}},"19":{"start":{"line":51,"column":27},"end":{"line":51,"column":63}},"20":{"start":{"line":52,"column":29},"end":{"line":52,"column":69}},"21":{"start":{"line":53,"column":37},"end":{"line":53,"column":102}},"22":{"start":{"line":54,"column":31},"end":{"line":54,"column":56}},"23":{"start":{"line":56,"column":67},"end":{"line":56,"column":80}},"24":{"start":{"line":57,"column":70},"end":{"line":57,"column":85}},"25":{"start":{"line":58,"column":56},"end":{"line":58,"column":81}},"26":{"start":{"line":59,"column":57},"end":{"line":59,"column":82}},"27":{"start":{"line":62,"column":193},"end":{"line":62,"column":221}},"28":{"start":{"line":63,"column":202},"end":{"line":63,"column":228}},"29":{"start":{"line":64,"column":191},"end":{"line":64,"column":216}},"30":{"start":{"line":65,"column":144},"end":{"line":65,"column":178}},"31":{"start":{"line":70,"column":8},"end":{"line":70,"column":112}},"32":{"start":{"line":71,"column":228},"end":{"line":71,"column":274}},"33":{"start":{"line":75,"column":59},"end":{"line":75,"column":96}},"34":{"start":{"line":76,"column":50},"end":{"line":76,"column":81}},"35":{"start":{"line":76,"column":70},"end":{"line":76,"column":81}},"36":{"start":{"line":76,"column":83},"end":{"line":76,"column":106}},"37":{"start":{"line":76,"column":108},"end":{"line":76,"column":135}},"38":{"start":{"line":79,"column":8},"end":{"line":79,"column":32}},"39":{"start":{"line":79,"column":35},"end":{"line":79,"column":92}},"40":{"start":{"line":79,"column":52},"end":{"line":79,"column":89}},"41":{"start":{"line":80,"column":8},"end":{"line":80,"column":31}},"42":{"start":{"line":80,"column":33},"end":{"line":80,"column":54}},"43":{"start":{"line":81,"column":8},"end":{"line":81,"column":85}},"44":{"start":{"line":81,"column":88},"end":{"line":81,"column":110}},"45":{"start":{"line":82,"column":8},"end":{"line":82,"column":59}},"46":{"start":{"line":82,"column":61},"end":{"line":82,"column":147}},"47":{"start":{"line":83,"column":8},"end":{"line":83,"column":26}},"48":{"start":{"line":86,"column":8},"end":{"line":86,"column":32}},"49":{"start":{"line":86,"column":35},"end":{"line":86,"column":193}},"50":{"start":{"line":86,"column":59},"end":{"line":86,"column":97}},"51":{"start":{"line":86,"column":99},"end":{"line":86,"column":125}},"52":{"start":{"line":86,"column":128},"end":{"line":86,"column":191}},"53":{"start":{"line":87,"column":8},"end":{"line":87,"column":69}},"54":{"start":{"line":87,"column":72},"end":{"line":87,"column":95}},"55":{"start":{"line":87,"column":97},"end":{"line":87,"column":118}},"56":{"start":{"line":87,"column":144},"end":{"line":87,"column":163}},"57":{"start":{"line":87,"column":166},"end":{"line":87,"column":221}},"58":{"start":{"line":87,"column":224},"end":{"line":87,"column":242}},"59":{"start":{"line":89,"column":35},"end":{"line":89,"column":105}},"60":{"start":{"line":90,"column":37},"end":{"line":90,"column":55}},"61":{"start":{"line":91,"column":44},"end":{"line":91,"column":59}},"62":{"start":{"line":91,"column":61},"end":{"line":91,"column":366}},"63":{"start":{"line":91,"column":114},"end":{"line":91,"column":135}},"64":{"start":{"line":91,"column":137},"end":{"line":91,"column":197}},"65":{"start":{"line":91,"column":199},"end":{"line":91,"column":238}},"66":{"start":{"line":91,"column":240},"end":{"line":91,"column":364}},"67":{"start":{"line":91,"column":259},"end":{"line":91,"column":289}},"68":{"start":{"line":91,"column":302},"end":{"line":91,"column":363}},"69":{"start":{"line":92,"column":149},"end":{"line":92,"column":191}},"70":{"start":{"line":92,"column":250},"end":{"line":92,"column":294}}},"branchMap":{"1":{"line":35,"type":"if","locations":[{"start":{"line":35,"column":8},"end":{"line":35,"column":8}},{"start":{"line":35,"column":8},"end":{"line":35,"column":8}}]},"2":{"line":37,"type":"if","locations":[{"start":{"line":37,"column":8},"end":{"line":37,"column":8}},{"start":{"line":37,"column":8},"end":{"line":37,"column":8}}]},"3":{"line":44,"type":"if","locations":[{"start":{"line":44,"column":49},"end":{"line":44,"column":49}},{"start":{"line":44,"column":49},"end":{"line":44,"column":49}}]},"4":{"line":44,"type":"if","locations":[{"start":{"line":44,"column":83},"end":{"line":44,"column":83}},{"start":{"line":44,"column":83},"end":{"line":44,"column":83}}]},"5":{"line":47,"type":"if","locations":[{"start":{"line":47,"column":57},"end":{"line":47,"column":57}},{"start":{"line":47,"column":57},"end":{"line":47,"column":57}}]},"6":{"line":48,"type":"if","locations":[{"start":{"line":48,"column":88},"end":{"line":48,"column":88}},{"start":{"line":48,"column":88},"end":{"line":48,"column":88}}]},"7":{"line":51,"type":"if","locations":[{"start":{"line":51,"column":27},"end":{"line":51,"column":27}},{"start":{"line":51,"column":27},"end":{"line":51,"column":27}}]},"8":{"line":52,"type":"if","locations":[{"start":{"line":52,"column":29},"end":{"line":52,"column":29}},{"start":{"line":52,"column":29},"end":{"line":52,"column":29}}]},"9":{"line":53,"type":"if","locations":[{"start":{"line":53,"column":37},"end":{"line":53,"column":37}},{"start":{"line":53,"column":37},"end":{"line":53,"column":37}}]},"10":{"line":53,"type":"cond-expr","locations":[{"start":{"line":53,"column":45},"end":{"line":53,"column":66}},{"start":{"line":53,"column":71},"end":{"line":53,"column":89}}]},"11":{"line":54,"type":"if","locations":[{"start":{"line":54,"column":31},"end":{"line":54,"column":31}},{"start":{"line":54,"column":31},"end":{"line":54,"column":31}}]},"12":{"line":56,"type":"if","locations":[{"start":{"line":56,"column":30},"end":{"line":56,"column":30}},{"start":{"line":56,"column":30},"end":{"line":56,"column":30}}]},"13":{"line":57,"type":"if","locations":[{"start":{"line":57,"column":32},"end":{"line":57,"column":32}},{"start":{"line":57,"column":32},"end":{"line":57,"column":32}}]},"14":{"line":58,"type":"if","locations":[{"start":{"line":58,"column":44},"end":{"line":58,"column":44}},{"start":{"line":58,"column":44},"end":{"line":58,"column":44}}]},"15":{"line":58,"type":"if","locations":[{"start":{"line":58,"column":56},"end":{"line":58,"column":56}},{"start":{"line":58,"column":56},"end":{"line":58,"column":56}}]},"16":{"line":59,"type":"if","locations":[{"start":{"line":59,"column":45},"end":{"line":59,"column":45}},{"start":{"line":59,"column":45},"end":{"line":59,"column":45}}]},"17":{"line":59,"type":"if","locations":[{"start":{"line":59,"column":57},"end":{"line":59,"column":57}},{"start":{"line":59,"column":57},"end":{"line":59,"column":57}}]},"18":{"line":62,"type":"if","locations":[{"start":{"line":62,"column":159},"end":{"line":62,"column":159}},{"start":{"line":62,"column":159},"end":{"line":62,"column":159}}]},"19":{"line":63,"type":"if","locations":[{"start":{"line":63,"column":163},"end":{"line":63,"column":163}},{"start":{"line":63,"column":163},"end":{"line":63,"column":163}}]},"20":{"line":64,"type":"if","locations":[{"start":{"line":64,"column":144},"end":{"line":64,"column":144}},{"start":{"line":64,"column":144},"end":{"line":64,"column":144}}]},"21":{"line":65,"type":"if","locations":[{"start":{"line":65,"column":132},"end":{"line":65,"column":132}},{"start":{"line":65,"column":132},"end":{"line":65,"column":132}}]},"22":{"line":65,"type":"if","locations":[{"start":{"line":65,"column":144},"end":{"line":65,"column":144}},{"start":{"line":65,"column":144},"end":{"line":65,"column":144}}]},"23":{"line":70,"type":"if","locations":[{"start":{"line":70,"column":8},"end":{"line":70,"column":8}},{"start":{"line":70,"column":8},"end":{"line":70,"column":8}}]},"24":{"line":76,"type":"if","locations":[{"start":{"line":76,"column":50},"end":{"line":76,"column":50}},{"start":{"line":76,"column":50},"end":{"line":76,"column":50}}]},"25":{"line":78,"type":"if","locations":[{"start":{"line":78,"column":64},"end":{"line":78,"column":64}},{"start":{"line":78,"column":64},"end":{"line":78,"column":64}}]},"26":{"line":79,"type":"if","locations":[{"start":{"line":79,"column":8},"end":{"line":79,"column":8}},{"start":{"line":79,"column":8},"end":{"line":79,"column":8}}]},"27":{"line":79,"type":"if","locations":[{"start":{"line":79,"column":35},"end":{"line":79,"column":35}},{"start":{"line":79,"column":35},"end":{"line":79,"column":35}}]},"28":{"line":79,"type":"if","locations":[{"start":{"line":79,"column":52},"end":{"line":79,"column":52}},{"start":{"line":79,"column":52},"end":{"line":79,"column":52}}]},"29":{"line":80,"type":"if","locations":[{"start":{"line":80,"column":74},"end":{"line":80,"column":79}},{"start":{"line":80,"column":83},"end":{"line":80,"column":94}}]},"30":{"line":81,"type":"if","locations":[{"start":{"line":81,"column":8},"end":{"line":81,"column":8}},{"start":{"line":81,"column":8},"end":{"line":81,"column":8}}]},"31":{"line":82,"type":"if","locations":[{"start":{"line":82,"column":61},"end":{"line":82,"column":61}},{"start":{"line":82,"column":61},"end":{"line":82,"column":61}}]},"32":{"line":85,"type":"if","locations":[{"start":{"line":85,"column":78},"end":{"line":85,"column":78}},{"start":{"line":85,"column":78},"end":{"line":85,"column":78}}]},"33":{"line":86,"type":"if","locations":[{"start":{"line":86,"column":8},"end":{"line":86,"column":8}},{"start":{"line":86,"column":8},"end":{"line":86,"column":8}}]},"34":{"line":86,"type":"if","locations":[{"start":{"line":86,"column":35},"end":{"line":86,"column":35}},{"start":{"line":86,"column":35},"end":{"line":86,"column":35}}]},"35":{"line":86,"type":"if","locations":[{"start":{"line":86,"column":99},"end":{"line":86,"column":99}},{"start":{"line":86,"column":99},"end":{"line":86,"column":99}}]},"36":{"line":86,"type":"if","locations":[{"start":{"line":86,"column":128},"end":{"line":86,"column":128}},{"start":{"line":86,"column":128},"end":{"line":86,"column":128}}]},"37":{"line":87,"type":"if","locations":[{"start":{"line":87,"column":8},"end":{"line":87,"column":8}},{"start":{"line":87,"column":8},"end":{"line":87,"column":8}}]},"38":{"line":87,"type":"if","locations":[{"start":{"line":87,"column":166},"end":{"line":87,"column":166}},{"start":{"line":87,"column":166},"end":{"line":87,"column":166}}]},"39":{"line":91,"type":"if","locations":[{"start":{"line":91,"column":61},"end":{"line":91,"column":61}},{"start":{"line":91,"column":61},"end":{"line":91,"column":61}}]},"40":{"line":91,"type":"if","locations":[{"start":{"line":91,"column":240},"end":{"line":91,"column":240}},{"start":{"line":91,"column":240},"end":{"line":91,"column":240}}]},"41":{"line":92,"type":"if","locations":[{"start":{"line":92,"column":68},"end":{"line":92,"column":68}},{"start":{"line":92,"column":68},"end":{"line":92,"column":68}}]},"42":{"line":92,"type":"if","locations":[{"start":{"line":92,"column":80},"end":{"line":92,"column":80}},{"start":{"line":92,"column":80},"end":{"line":92,"column":80}}]},"43":{"line":92,"type":"if","locations":[{"start":{"line":92,"column":149},"end":{"line":92,"column":149}},{"start":{"line":92,"column":149},"end":{"line":92,"column":149}}]}}}}