TN:
SF:script/Counter.s.sol
DA:10,0
FN:10,CounterScript.setUp
FNDA:0,CounterScript.setUp
DA:12,0
FN:12,CounterScript.run
FNDA:0,CounterScript.run
DA:13,0
DA:15,0
DA:17,0
FNF:2
FNH:0
LF:5
LH:0
BRF:0
BRH:0
end_of_record
TN:
SF:script/Deploy.s.sol
DA:8,0
FN:8,DeployScript.run
FNDA:0,DeployScript.run
DA:10,0
DA:12,0
DA:18,0
DA:24,0
DA:26,0
DA:27,0
DA:28,0
DA:29,0
DA:30,0
DA:31,0
FNF:1
FNH:0
LF:11
LH:0
BRF:0
BRH:0
end_of_record
TN:
SF:script/SimpleDeploy.s.sol
DA:8,0
FN:8,SimpleDeploy.run
FNDA:0,SimpleDeploy.run
DA:9,0
DA:11,0
DA:13,0
DA:19,0
DA:21,0
DA:22,0
FNF:1
FNH:0
LF:7
LH:0
BRF:0
BRH:0
end_of_record
TN:
SF:src/Counter.sol
DA:7,258
FN:7,Counter.setNumber
FNDA:258,Counter.setNumber
DA:8,258
DA:11,1
FN:11,Counter.increment
FNDA:1,Counter.increment
DA:12,1
FNF:2
FNH:2
LF:4
LH:4
BRF:0
BRH:0
end_of_record
TN:
SF:src/example.sol
DA:18,40
FN:18,uRWA20.constructor
FNDA:40,uRWA20.constructor
DA:20,40
DA:21,40
DA:24,4
FN:24,uRWA20.isTransferAllowed
FNDA:4,uRWA20.isTransferAllowed
DA:25,267
DA:26,265
DA:27,261
DA:30,4
FN:30,uRWA20.isUserAllowed
FNDA:4,uRWA20.isUserAllowed
DA:31,1610
BRDA:31,2,0,1610
BRDA:31,2,1,8
DA:32,1610
DA:34,8
DA:38,3
FN:38,uRWA20.getFrozen
FNDA:3,uRWA20.getFrozen
DA:39,3
DA:42,816
FN:42,uRWA20.changeWhitelist
FNDA:816,uRWA20.changeWhitelist
DA:43,815
BRDA:43,3,0,1
BRDA:43,3,1,814
DA:44,814
DA:45,814
DA:54,543
FN:54,uRWA20.mint
FNDA:543,uRWA20.mint
DA:55,542
BRDA:55,4,0,1
BRDA:55,4,1,541
DA:56,541
BRDA:56,5,0,1
BRDA:56,5,1,540
DA:57,540
DA:62,3
FN:62,uRWA20.burn
FNDA:3,uRWA20.burn
DA:63,3
BRDA:63,6,0,1
BRDA:63,6,1,2
DA:64,2
DA:70,4
FN:70,uRWA20.burnFrom
FNDA:4,uRWA20.burnFrom
DA:71,3
BRDA:71,7,0,1
BRDA:71,7,1,2
DA:72,2
DA:75,9
FN:75,uRWA20.setFrozen
FNDA:9,uRWA20.setFrozen
DA:76,8
BRDA:76,8,0,1
BRDA:76,8,1,7
DA:77,7
DA:78,7
DA:81,5
FN:81,uRWA20.forceTransfer
FNDA:5,uRWA20.forceTransfer
DA:82,4
BRDA:82,9,0,1
BRDA:82,9,1,3
DA:83,3
DA:84,3
DA:85,3
DA:88,7
FN:88,uRWA20._excessFrozenUpdate
FNDA:7,uRWA20._excessFrozenUpdate
DA:89,7
DA:90,7
BRDA:90,10,0,-
DA:93,0
DA:95,0
DA:99,809
FN:99,uRWA20._update
FNDA:809,uRWA20._update
DA:100,809
BRDA:100,11,0,265
BRDA:100,11,1,540
DA:102,265
BRDA:102,12,0,1
BRDA:102,12,1,264
DA:103,264
BRDA:103,13,0,1
BRDA:103,13,1,263
DA:104,263
BRDA:104,14,0,3
BRDA:104,14,1,260
DA:105,544
BRDA:105,15,0,540
BRDA:105,15,1,540
DA:107,540
BRDA:107,16,0,-
BRDA:107,16,1,540
DA:110,4
DA:113,804
DA:116,4
FN:116,uRWA20.supportsInterface
FNDA:4,uRWA20.supportsInterface
DA:117,4
DA:118,3
DA:119,2
FNF:13
FNH:13
LF:54
LH:52
BRF:29
BRH:27
end_of_record
